<?xml version="1.0" encoding="utf-8"?><testsuites name="pytest tests"><testsuite name="pytest" errors="0" failures="0" skipped="0" tests="51" time="1.947" timestamp="2026-07-16T03:23:44.136960+00:00" hostname="agent-env-807d259e-27c5-4462-9a27-2ee668ba5c1d"><testcase classname="tests.test_docker_config.TestDockerCompose" name="test_file_exists" time="0.001" /><testcase classname="tests.test_docker_config.TestEnvExampleDotless" name="test_env_example_dotless_exists" time="0.001" /><testcase classname="tests.test_docker_config.TestEnvExampleDotless" name="test_env_example_dotless_not_empty" time="0.001" /><testcase classname="tests.test_docker_config.TestDockerCompose" name="test_valid_yaml" time="0.010" /><testcase classname="tests.test_docker_config.TestEnvExampleDotless" name="test_env_example_dotfile_exists" time="0.001" /><testcase classname="tests.test_docker_config.TestEnvExampleDotless" name="test_both_files_identical" time="0.001" /><testcase classname="tests.test_docker_config.TestEnvExampleDotless" name="test_required_var_in_dotless[MONGO_URL]" time="0.001" /><testcase classname="tests.test_docker_config.TestEnvExampleDotless" name="test_required_var_in_dotless[DB_NAME]" time="0.001" /><testcase classname="tests.test_docker_config.TestEnvExampleDotless" name="test_required_var_in_dotless[JWT_SECRET]" time="0.001" /><testcase classname="tests.test_docker_config.TestDockerCompose" name="test_has_three_services" time="0.029" /><testcase classname="tests.test_docker_config.TestEnvExampleDotless" name="test_required_var_in_dotless[ADMIN_EMAIL]" time="0.001" /><testcase classname="tests.test_docker_config.TestEnvExampleDotless" name="test_required_var_in_dotless[ADMIN_PASSWORD]" time="0.001" /><testcase classname="tests.test_docker_config.TestEnvExampleDotless" name="test_required_var_in_dotless[FRONTEND_URL]" time="0.001" /><testcase classname="tests.test_docker_config.TestDockerCompose" name="test_mongo_data_volume" time="0.009" /><testcase classname="tests.test_docker_config.TestEnvExampleDotless" name="test_required_var_in_dotless[CORS_ORIGINS]" time="0.001" /><testcase classname="tests.test_docker_config.TestEnvExampleDotless" name="test_required_var_in_dotless[REACT_APP_BACKEND_URL]" time="0.001" /><testcase classname="tests.test_docker_config.TestEnvExampleDotless" name="test_required_var_in_dotless[FRONTEND_PORT]" time="0.001" /><testcase classname="tests.test_docker_config.TestEnvExampleDotless" name="test_required_var_in_dotless[BACKEND_PORT]" time="0.001" /><testcase classname="tests.test_docker_config.TestEnvExampleDotless" name="test_required_var_in_dotfile[MONGO_URL]" time="0.001" /><testcase classname="tests.test_docker_config.TestEnvExampleDotless" name="test_required_var_in_dotfile[DB_NAME]" time="0.001" /><testcase classname="tests.test_docker_config.TestEnvExampleDotless" name="test_required_var_in_dotfile[JWT_SECRET]" time="0.001" /><testcase classname="tests.test_docker_config.TestEnvExampleDotless" name="test_required_var_in_dotfile[ADMIN_EMAIL]" time="0.002" /><testcase classname="tests.test_docker_config.TestDockerCompose" name="test_sigma_net_network" time="0.009" /><testcase classname="tests.test_docker_config.TestEnvExampleDotless" name="test_required_var_in_dotfile[ADMIN_PASSWORD]" time="0.001" /><testcase classname="tests.test_docker_config.TestEnvExampleDotless" name="test_required_var_in_dotfile[FRONTEND_URL]" time="0.001" /><testcase classname="tests.test_docker_config.TestEnvExampleDotless" name="test_required_var_in_dotfile[CORS_ORIGINS]" time="0.001" /><testcase classname="tests.test_docker_config.TestDockerCompose" name="test_usage_comment_uses_dotless" time="0.070" /><testcase classname="tests.test_docker_config.TestEnvExampleDotless" name="test_required_var_in_dotfile[REACT_APP_BACKEND_URL]" time="0.001" /><testcase classname="tests.test_docker_config.TestDockerCompose" name="test_compose_var_defined_in_env_example[JWT_SECRET]" time="0.002" /><testcase classname="tests.test_docker_config.TestEnvExampleDotless" name="test_required_var_in_dotfile[FRONTEND_PORT]" time="0.001" /><testcase classname="tests.test_docker_config.TestDockerCompose" name="test_compose_var_defined_in_env_example[MONGO_URL]" time="0.001" /><testcase classname="tests.test_docker_config.TestEnvExampleDotless" name="test_required_var_in_dotfile[BACKEND_PORT]" time="0.001" /><testcase classname="tests.test_docker_config.TestDockerCompose" name="test_compose_var_defined_in_env_example[DB_NAME]" time="0.001" /><testcase classname="tests.test_docker_config.TestBackendDockerfile" name="test_exists" time="0.001" /><testcase classname="tests.test_docker_config.TestBackendDockerfile" name="test_uses_python_311_slim" time="0.001" /><testcase classname="tests.test_docker_config.TestDockerCompose" name="test_compose_var_defined_in_env_example[CORS_ORIGINS]" time="0.002" /><testcase classname="tests.test_docker_config.TestDockerCompose" name="test_compose_var_defined_in_env_example[ADMIN_EMAIL]" time="0.001" /><testcase classname="tests.test_docker_config.TestBackendDockerfile" name="test_exposes_8001" time="0.001" /><testcase classname="tests.test_docker_config.TestDockerCompose" name="test_compose_var_defined_in_env_example[ADMIN_PASSWORD]" time="0.001" /><testcase classname="tests.test_docker_config.TestFrontendDockerfile" name="test_exists" time="0.001" /><testcase classname="tests.test_docker_config.TestFrontendDockerfile" name="test_multi_stage_node_and_nginx" time="0.001" /><testcase classname="tests.test_docker_config.TestDockerCompose" name="test_compose_var_defined_in_env_example[FRONTEND_URL]" time="0.001" /><testcase classname="tests.test_docker_config.TestDockerCompose" name="test_compose_var_defined_in_env_example[BACKEND_PORT]" time="0.001" /><testcase classname="tests.test_docker_config.TestDockerCompose" name="test_compose_var_defined_in_env_example[FRONTEND_PORT]" time="0.001" /><testcase classname="tests.test_docker_config.TestDockerCompose" name="test_compose_var_defined_in_env_example[REACT_APP_BACKEND_URL]" time="0.001" /><testcase classname="tests.test_docker_config.TestFrontendDockerfile" name="test_accepts_react_app_backend_url_arg" time="0.068" /><testcase classname="tests.test_docker_config.TestDockerCompose" name="test_services_attached_to_network" time="0.009" /><testcase classname="tests.test_docker_config.TestNginxConf" name="test_exists" time="0.001" /><testcase classname="tests.test_docker_config.TestNginxConf" name="test_reverse_proxy_api_to_backend_8001" time="0.001" /><testcase classname="tests.test_docker_config.TestDockerignore" name="test_backend_dockerignore_exists" time="0.001" /><testcase classname="tests.test_docker_config.TestDockerignore" name="test_frontend_dockerignore_exists" time="0.000" /></testsuite></testsuites>