<?xml version="1.0" encoding="utf-8"?><testsuites name="pytest tests"><testsuite name="pytest" errors="0" failures="0" skipped="1" tests="17" time="8.818" timestamp="2026-07-16T02:17:32.548416+00:00" hostname="agent-env-807d259e-27c5-4462-9a27-2ee668ba5c1d"><testcase classname="tests.test_qr_labels.TestQrPng" name="test_qr_png_success" time="1.145" /><testcase classname="tests.test_qr_labels.TestSingleLabelPdf" name="test_single_label_success" time="1.367" /><testcase classname="tests.test_qr_labels.TestQrPng" name="test_qr_png_staff_allowed" time="0.986" /><testcase classname="tests.test_qr_labels.TestSingleLabelPdf" name="test_single_label_staff_allowed" time="0.917" /><testcase classname="tests.test_qr_labels.TestQrPng" name="test_qr_png_unauthenticated_401" time="0.239" /><testcase classname="tests.test_qr_labels.TestSingleLabelPdf" name="test_single_label_unauthenticated_401" time="0.155" /><testcase classname="tests.test_qr_labels.TestQrPng" name="test_qr_png_unknown_asset_404" time="0.062" /><testcase classname="tests.test_qr_labels.TestBulkLabels" name="test_bulk_labels_success" time="0.747" /><testcase classname="tests.test_qr_labels.TestSingleLabelPdf" name="test_single_label_unknown_404" time="0.075" /><testcase classname="tests.test_qr_labels.TestBulkLabels" name="test_bulk_labels_staff_allowed" time="0.926" /><testcase classname="tests.test_qr_labels.TestBulkLabels" name="test_bulk_labels_unauthenticated_401" time="0.368" /><testcase classname="tests.test_qr_labels.TestBulkLabels" name="test_bulk_labels_route_not_swallowed" time="1.041" /><testcase classname="tests.test_qr_labels.TestViewerAccess" name="test_viewer_can_fetch_qr_png" time="2.977" /><testcase classname="tests.test_qr_labels.TestViewerAccess" name="test_viewer_can_fetch_single_label" time="0.252" /><testcase classname="tests.test_qr_labels.TestQrEncodesFrontendUrl" name="test_qr_content_contains_frontend_url" time="0.054"><skipped type="pytest.skip" message="pyzbar not installed for QR decoding">/app/backend/tests/test_qr_labels.py:183: pyzbar not installed for QR decoding</skipped></testcase><testcase classname="tests.test_qr_labels.TestViewerAccess" name="test_viewer_can_fetch_bulk_labels" time="0.618" /><testcase classname="tests.test_qr_labels.TestViewerAccess" name="test_viewer_cannot_delete_asset" time="0.161" /></testsuite></testsuites>