<?xml version="1.0" encoding="utf-8"?><testsuites name="pytest tests"><testsuite name="pytest" errors="0" failures="0" skipped="0" tests="23" time="8.805" timestamp="2026-07-15T11:18:58.566011+00:00" hostname="agent-env-807d259e-27c5-4462-9a27-2ee668ba5c1d"><testcase classname="tests.test_new_features.TestExports" name="test_assets_export_csv" time="1.479" /><testcase classname="tests.test_new_features.TestExports" name="test_assets_export_xlsx" time="0.133" /><testcase classname="tests.test_new_features.TestExports" name="test_assets_export_invalid_format" time="0.054" /><testcase classname="tests.test_new_features.TestExports" name="test_assets_export_route_not_swallowed" time="0.070" /><testcase classname="tests.test_new_features.TestExports" name="test_history_export_csv_and_pdf" time="0.313" /><testcase classname="tests.test_new_features.TestRepairs" name="test_create_and_list" time="2.391" /><testcase classname="tests.test_new_features.TestExports" name="test_repairs_export_csv_and_pdf" time="0.851" /><testcase classname="tests.test_new_features.TestRepairs" name="test_desc_too_short_422" time="0.102" /><testcase classname="tests.test_new_features.TestRepairs" name="test_invalid_status_422" time="0.171" /><testcase classname="tests.test_new_features.TestRepairs" name="test_negative_biaya_422" time="0.128" /><testcase classname="tests.test_new_features.TestRepairs" name="test_asset_not_found_404" time="0.141" /><testcase classname="tests.test_new_features.TestAssetNewFields" name="test_new_fields_persist_on_create" time="0.008" /><testcase classname="tests.test_new_features.TestAssetNewFields" name="test_get_detail_returns_new_fields" time="0.270" /><testcase classname="tests.test_new_features.TestRepairs" name="test_list_repairs_unknown_asset_404" time="0.213" /><testcase classname="tests.test_new_features.TestAssetNewFields" name="test_update_persists_new_fields" time="0.385" /><testcase classname="tests.test_new_features.TestRepairs" name="test_update_unknown_repair_404" time="0.109" /><testcase classname="tests.test_new_features.TestRepairs" name="test_delete_unknown_repair_404" time="0.230" /><testcase classname="tests.test_new_features.TestAssetNewFields" name="test_invalid_status_returns_422" time="0.052" /><testcase classname="tests.test_new_features.TestAssetNewFields" name="test_negative_nilai_returns_422" time="0.129" /><testcase classname="tests.test_new_features.TestImport" name="test_import_csv_mixed_new_skip_error" time="0.293" /><testcase classname="tests.test_new_features.TestImport" name="test_import_xlsx" time="1.796" /><testcase classname="tests.test_new_features.TestImport" name="test_import_bad_extension_422" time="0.093" /><testcase classname="tests.test_new_features.TestImport" name="test_import_empty_csv_422" time="0.169" /></testsuite></testsuites>