<?xml version="1.0" encoding="utf-8"?><testsuites name="pytest tests"><testsuite name="pytest" errors="0" failures="0" skipped="0" tests="70" time="22.793" timestamp="2026-07-16T01:09:23.441014+00:00" hostname="agent-env-807d259e-27c5-4462-9a27-2ee668ba5c1d"><testcase classname="tests.test_rbac.TestRolesCrud" name="test_list_roles_has_seeded" time="1.172" /><testcase classname="tests.test_rbac.TestRolesCrud" name="test_create_role_invalid_permission_422" time="0.067" /><testcase classname="tests.test_rbac.TestRolesCrud" name="test_create_role_empty_permissions_422" time="0.099" /><testcase classname="tests.test_new_features.TestRepairs" name="test_create_and_list" time="1.737" /><testcase classname="tests.test_rbac.TestRolesCrud" name="test_create_role_duplicate_name_422" time="0.105" /><testcase classname="tests.test_rbac.TestRolesCrud" name="test_role_full_crud_and_updates" time="0.360" /><testcase classname="tests.test_new_features.TestRepairs" name="test_desc_too_short_422" time="0.088" /><testcase classname="tests.test_new_features.TestRepairs" name="test_invalid_status_422" time="0.052" /><testcase classname="tests.test_new_features.TestRepairs" name="test_negative_biaya_422" time="0.087" /><testcase classname="tests.test_rbac.TestRolesCrud" name="test_update_system_role_422" time="0.154" /><testcase classname="tests.test_rbac.TestRolesCrud" name="test_delete_system_role_422" time="0.065" /><testcase classname="tests.test_new_features.TestRepairs" name="test_asset_not_found_404" time="0.057" /><testcase classname="tests.test_new_features.TestRepairs" name="test_list_repairs_unknown_asset_404" time="0.088" /><testcase classname="tests.test_rbac.TestRolesCrud" name="test_delete_role_with_users_422" time="0.066" /><testcase classname="tests.backend_test.TestAuth" name="test_login_success" time="1.318" /><testcase classname="tests.test_new_features.TestRepairs" name="test_update_unknown_repair_404" time="0.051" /><testcase classname="tests.test_new_features.TestRepairs" name="test_delete_unknown_repair_404" time="0.104" /><testcase classname="tests.backend_test.TestAssetList" name="test_list_default" time="0.910" /><testcase classname="tests.backend_test.TestAssetList" name="test_search" time="0.064" /><testcase classname="tests.backend_test.TestAuth" name="test_login_wrong_password" time="0.508" /><testcase classname="tests.backend_test.TestAssetList" name="test_filter_by_office" time="0.275" /><testcase classname="tests.backend_test.TestAssetList" name="test_pagination" time="0.412" /><testcase classname="tests.backend_test.TestAuth" name="test_login_unknown_email" time="0.189" /><testcase classname="tests.backend_test.TestAssetList" name="test_get_detail" time="0.065" /><testcase classname="tests.backend_test.TestAssetList" name="test_get_detail_404" time="0.055" /><testcase classname="tests.backend_test.TestAuth" name="test_me_unauthenticated" time="0.455" /><testcase classname="tests.test_new_features.TestExports" name="test_assets_export_csv" time="0.583" /><testcase classname="tests.test_new_features.TestExports" name="test_assets_export_xlsx" time="0.079" /><testcase classname="tests.test_new_features.TestExports" name="test_assets_export_invalid_format" time="0.050" /><testcase classname="tests.test_new_features.TestExports" name="test_assets_export_route_not_swallowed" time="0.360" /><testcase classname="tests.test_new_features.TestExports" name="test_history_export_csv_and_pdf" time="0.305" /><testcase classname="tests.backend_test.TestAuth" name="test_me_authenticated" time="0.733" /><testcase classname="tests.backend_test.TestAuth" name="test_assets_unauthenticated" time="0.188" /><testcase classname="tests.backend_test.TestAuth" name="test_logout" time="1.720" /><testcase classname="tests.test_new_features.TestExports" name="test_repairs_export_csv_and_pdf" time="0.497" /><testcase classname="tests.backend_test.TestMoveValidation" name="test_move_office_not_found" time="0.061" /><testcase classname="tests.backend_test.TestMoveValidation" name="test_move_room_not_found" time="0.415" /><testcase classname="tests.backend_test.TestMoveValidation" name="test_move_room_office_mismatch" time="0.194" /><testcase classname="tests.backend_test.TestMoveValidation" name="test_move_asset_not_found" time="0.055" /><testcase classname="tests.backend_test.TestMoveValidation" name="test_notes_max_length" time="0.055" /><testcase classname="tests.test_new_features.TestImport" name="test_import_csv_mixed_new_skip_error" time="1.148" /><testcase classname="tests.test_new_features.TestImport" name="test_import_xlsx" time="0.800" /><testcase classname="tests.test_new_features.TestAssetNewFields" name="test_new_fields_persist_on_create" time="0.881" /><testcase classname="tests.test_new_features.TestAssetNewFields" name="test_get_detail_returns_new_fields" time="0.095" /><testcase classname="tests.test_new_features.TestAssetNewFields" name="test_update_persists_new_fields" time="0.202" /><testcase classname="tests.test_new_features.TestAssetNewFields" name="test_invalid_status_returns_422" time="0.084" /><testcase classname="tests.test_new_features.TestAssetNewFields" name="test_negative_nilai_returns_422" time="0.121" /><testcase classname="tests.test_rbac.TestAuthChanges" name="test_register_removed" time="0.164" /><testcase classname="tests.test_new_features.TestImport" name="test_import_bad_extension_422" time="0.050" /><testcase classname="tests.test_new_features.TestImport" name="test_import_empty_csv_422" time="0.052" /><testcase classname="tests.backend_test.TestMoveAndHistory" name="test_valid_move_then_same_location_422" time="1.405" /><testcase classname="tests.test_rbac.TestAuthChanges" name="test_login_returns_role_and_permissions" time="0.587" /><testcase classname="tests.test_rbac.TestAuthChanges" name="test_staff_login_permissions" time="0.549" /><testcase classname="tests.test_rbac.TestAuthChanges" name="test_unauthenticated_401" time="0.483" /><testcase classname="tests.backend_test.TestMoveAndHistory" name="test_history_office_filter" time="0.190" /><testcase classname="tests.backend_test.TestMoveAndHistory" name="test_history_date_filter" time="0.656" /><testcase classname="tests.test_rbac.TestStaffEnforcement" name="test_staff_allowed_endpoints" time="3.344" /><testcase classname="tests.test_rbac.TestUsersCrud" name="test_list_users_has_seeded" time="1.126" /><testcase classname="tests.test_rbac.TestUsersCrud" name="test_create_user_and_verify" time="4.458" /><testcase classname="tests.test_rbac.TestStaffEnforcement" name="test_staff_denied_endpoints" time="2.271" /><testcase classname="tests.test_rbac.TestStaffEnforcement" name="test_staff_403_message" time="0.056" /><testcase classname="tests.backend_test.TestAssetCrud" name="test_asset_create_dup_kode" time="0.372" /><testcase classname="tests.backend_test.TestAssetCrud" name="test_asset_create_update_delete" time="0.443" /><testcase classname="tests.test_rbac.TestUsersCrud" name="test_self_protection_rules" time="0.271" /><testcase classname="tests.backend_test.TestStats" name="test_stats" time="0.067" /><testcase classname="tests.backend_test.TestOfficesRoomsCrud" name="test_office_crud" time="0.329" /><testcase classname="tests.backend_test.TestDeleteOfficePreservesHistory" name="test_delete_office_history_preserved" time="0.788" /><testcase classname="tests.backend_test.TestOfficesRoomsCrud" name="test_room_crud_and_office_validation" time="0.375" /><testcase classname="tests.test_rbac.TestPermissionsCatalog" name="test_permissions_returns_10" time="0.882" /><testcase classname="tests.test_rbac.TestLiveRoleRevocation" name="test_role_change_takes_effect_without_relogin" time="2.411" /></testsuite></testsuites>