<?xml version="1.0" encoding="utf-8"?><testsuites name="pytest tests"><testsuite name="pytest" errors="0" failures="0" skipped="0" tests="27" time="7.541" timestamp="2026-07-15T11:19:13.289654+00:00" hostname="agent-env-807d259e-27c5-4462-9a27-2ee668ba5c1d"><testcase classname="tests.backend_test.TestAuth" name="test_login_success" time="0.638" /><testcase classname="tests.backend_test.TestAuth" name="test_login_wrong_password" time="0.848" /><testcase classname="tests.backend_test.TestAssetList" name="test_list_default" time="1.565" /><testcase classname="tests.backend_test.TestAuth" name="test_login_unknown_email" time="0.248" /><testcase classname="tests.backend_test.TestAssetList" name="test_search" time="0.096" /><testcase classname="tests.backend_test.TestAuth" name="test_me_unauthenticated" time="0.205" /><testcase classname="tests.backend_test.TestAssetList" name="test_filter_by_office" time="0.303" /><testcase classname="tests.backend_test.TestAssetList" name="test_pagination" time="0.079" /><testcase classname="tests.backend_test.TestAssetList" name="test_get_detail" time="0.074" /><testcase classname="tests.backend_test.TestAssetList" name="test_get_detail_404" time="0.084" /><testcase classname="tests.backend_test.TestMoveValidation" name="test_move_office_not_found" time="0.407" /><testcase classname="tests.backend_test.TestAuth" name="test_me_authenticated" time="0.772" /><testcase classname="tests.backend_test.TestMoveValidation" name="test_move_room_not_found" time="0.058" /><testcase classname="tests.backend_test.TestMoveValidation" name="test_move_room_office_mismatch" time="0.239" /><testcase classname="tests.backend_test.TestAuth" name="test_assets_unauthenticated" time="0.217" /><testcase classname="tests.backend_test.TestAuth" name="test_logout" time="0.740" /><testcase classname="tests.backend_test.TestMoveValidation" name="test_move_asset_not_found" time="0.070" /><testcase classname="tests.backend_test.TestMoveValidation" name="test_notes_max_length" time="0.056" /><testcase classname="tests.backend_test.TestOfficesRoomsCrud" name="test_office_crud" time="0.783" /><testcase classname="tests.backend_test.TestMoveAndHistory" name="test_valid_move_then_same_location_422" time="0.467" /><testcase classname="tests.backend_test.TestOfficesRoomsCrud" name="test_room_crud_and_office_validation" time="0.461" /><testcase classname="tests.backend_test.TestMoveAndHistory" name="test_history_office_filter" time="0.200" /><testcase classname="tests.backend_test.TestAssetCrud" name="test_asset_create_dup_kode" time="0.101" /><testcase classname="tests.backend_test.TestMoveAndHistory" name="test_history_date_filter" time="0.123" /><testcase classname="tests.backend_test.TestAssetCrud" name="test_asset_create_update_delete" time="0.326" /><testcase classname="tests.backend_test.TestStats" name="test_stats" time="0.065" /><testcase classname="tests.backend_test.TestDeleteOfficePreservesHistory" name="test_delete_office_history_preserved" time="0.706" /></testsuite></testsuites>