<?xml version="1.0" encoding="utf-8"?><testsuites name="pytest tests"><testsuite name="pytest" errors="0" failures="0" skipped="1" tests="87" time="26.194" timestamp="2026-07-16T02:17:47.875113+00:00" hostname="agent-env-807d259e-27c5-4462-9a27-2ee668ba5c1d"><testcase classname="tests.test_rbac.TestRolesCrud" name="test_list_roles_has_seeded" time="0.853" /><testcase classname="tests.test_rbac.TestRolesCrud" name="test_create_role_invalid_permission_422" time="0.054" /><testcase classname="tests.test_rbac.TestRolesCrud" name="test_create_role_empty_permissions_422" time="0.058" /><testcase classname="tests.test_rbac.TestRolesCrud" name="test_create_role_duplicate_name_422" time="0.061" /><testcase classname="tests.test_new_features.TestRepairs" name="test_create_and_list" time="1.522" /><testcase classname="tests.test_rbac.TestRolesCrud" name="test_role_full_crud_and_updates" time="0.259" /><testcase classname="tests.test_rbac.TestRolesCrud" name="test_update_system_role_422" time="0.125" /><testcase classname="tests.test_rbac.TestRolesCrud" name="test_delete_system_role_422" time="0.057" /><testcase classname="tests.test_rbac.TestRolesCrud" name="test_delete_role_with_users_422" time="0.075" /><testcase classname="tests.test_new_features.TestRepairs" name="test_desc_too_short_422" time="0.099" /><testcase classname="tests.backend_test.TestAuth" name="test_login_success" time="0.973" /><testcase classname="tests.test_new_features.TestRepairs" name="test_invalid_status_422" time="0.072" /><testcase classname="tests.test_new_features.TestRepairs" name="test_negative_biaya_422" time="0.056" /><testcase classname="tests.test_new_features.TestRepairs" name="test_asset_not_found_404" time="0.752" /><testcase classname="tests.backend_test.TestAuth" name="test_login_wrong_password" time="0.545" /><testcase classname="tests.test_new_features.TestRepairs" name="test_list_repairs_unknown_asset_404" time="0.063" /><testcase classname="tests.test_new_features.TestRepairs" name="test_update_unknown_repair_404" time="0.071" /><testcase classname="tests.test_new_features.TestRepairs" name="test_delete_unknown_repair_404" time="0.472" /><testcase classname="tests.backend_test.TestAuth" name="test_login_unknown_email" time="0.177" /><testcase classname="tests.backend_test.TestAuth" name="test_me_unauthenticated" time="0.408" /><testcase classname="tests.backend_test.TestAssetList" name="test_list_default" time="0.954" /><testcase classname="tests.backend_test.TestAssetList" name="test_search" time="0.069" /><testcase classname="tests.backend_test.TestAuth" name="test_me_authenticated" time="0.496" /><testcase classname="tests.backend_test.TestAuth" name="test_assets_unauthenticated" time="0.150" /><testcase classname="tests.backend_test.TestAuth" name="test_logout" time="0.578" /><testcase classname="tests.backend_test.TestAssetList" name="test_filter_by_office" time="0.589" /><testcase classname="tests.backend_test.TestAssetList" name="test_pagination" time="0.068" /><testcase classname="tests.backend_test.TestAssetList" name="test_get_detail" time="0.064" /><testcase classname="tests.backend_test.TestAssetList" name="test_get_detail_404" time="0.054" /><testcase classname="tests.backend_test.TestMoveValidation" name="test_move_office_not_found" time="0.054" /><testcase classname="tests.backend_test.TestMoveValidation" name="test_move_room_not_found" time="0.329" /><testcase classname="tests.test_new_features.TestExports" name="test_assets_export_csv" time="0.502" /><testcase classname="tests.backend_test.TestMoveValidation" name="test_move_room_office_mismatch" time="0.201" /><testcase classname="tests.test_new_features.TestExports" name="test_assets_export_xlsx" time="0.078" /><testcase classname="tests.test_new_features.TestExports" name="test_assets_export_invalid_format" time="0.053" /><testcase classname="tests.test_new_features.TestExports" name="test_assets_export_route_not_swallowed" time="0.054" /><testcase classname="tests.backend_test.TestMoveValidation" name="test_move_asset_not_found" time="0.058" /><testcase classname="tests.test_new_features.TestExports" name="test_history_export_csv_and_pdf" time="0.558" /><testcase classname="tests.backend_test.TestMoveValidation" name="test_notes_max_length" time="0.053" /><testcase classname="tests.test_new_features.TestAssetNewFields" name="test_new_fields_persist_on_create" time="0.704" /><testcase classname="tests.test_new_features.TestExports" name="test_repairs_export_csv_and_pdf" time="0.509" /><testcase classname="tests.test_new_features.TestAssetNewFields" name="test_get_detail_returns_new_fields" time="0.079" /><testcase classname="tests.test_new_features.TestAssetNewFields" name="test_update_persists_new_fields" time="0.168" /><testcase classname="tests.test_new_features.TestAssetNewFields" name="test_invalid_status_returns_422" time="0.058" /><testcase classname="tests.test_new_features.TestImport" name="test_import_csv_mixed_new_skip_error" time="0.240" /><testcase classname="tests.test_new_features.TestAssetNewFields" name="test_negative_nilai_returns_422" time="0.119" /><testcase classname="tests.test_new_features.TestImport" name="test_import_xlsx" time="1.090" /><testcase classname="tests.test_qr_labels.TestQrPng" name="test_qr_png_success" time="1.018" /><testcase classname="tests.test_new_features.TestImport" name="test_import_bad_extension_422" time="0.315" /><testcase classname="tests.test_qr_labels.TestQrPng" name="test_qr_png_staff_allowed" time="0.578" /><testcase classname="tests.test_new_features.TestImport" name="test_import_empty_csv_422" time="0.168" /><testcase classname="tests.test_qr_labels.TestQrPng" name="test_qr_png_unauthenticated_401" time="0.141" /><testcase classname="tests.test_qr_labels.TestQrPng" name="test_qr_png_unknown_asset_404" time="0.062" /><testcase classname="tests.test_qr_labels.TestBulkLabels" name="test_bulk_labels_success" time="0.850" /><testcase classname="tests.test_qr_labels.TestSingleLabelPdf" name="test_single_label_success" time="1.118" /><testcase classname="tests.test_qr_labels.TestBulkLabels" name="test_bulk_labels_staff_allowed" time="0.746" /><testcase classname="tests.test_qr_labels.TestBulkLabels" name="test_bulk_labels_unauthenticated_401" time="0.353" /><testcase classname="tests.test_qr_labels.TestSingleLabelPdf" name="test_single_label_staff_allowed" time="1.134" /><testcase classname="tests.test_qr_labels.TestBulkLabels" name="test_bulk_labels_route_not_swallowed" time="0.884" /><testcase classname="tests.test_qr_labels.TestSingleLabelPdf" name="test_single_label_unauthenticated_401" time="0.567" /><testcase classname="tests.test_qr_labels.TestSingleLabelPdf" name="test_single_label_unknown_404" time="0.062" /><testcase classname="tests.test_rbac.TestAuthChanges" name="test_register_removed" time="0.393" /><testcase classname="tests.test_rbac.TestAuthChanges" name="test_login_returns_role_and_permissions" time="0.782" /><testcase classname="tests.test_rbac.TestAuthChanges" name="test_staff_login_permissions" time="0.705" /><testcase classname="tests.test_rbac.TestAuthChanges" name="test_unauthenticated_401" time="0.675" /><testcase classname="tests.test_qr_labels.TestViewerAccess" name="test_viewer_can_fetch_qr_png" time="2.307" /><testcase classname="tests.test_qr_labels.TestViewerAccess" name="test_viewer_can_fetch_single_label" time="0.190" /><testcase classname="tests.backend_test.TestMoveAndHistory" name="test_valid_move_then_same_location_422" time="0.791" /><testcase classname="tests.test_qr_labels.TestViewerAccess" name="test_viewer_can_fetch_bulk_labels" time="0.493" /><testcase classname="tests.test_qr_labels.TestViewerAccess" name="test_viewer_cannot_delete_asset" time="0.145" /><testcase classname="tests.backend_test.TestMoveAndHistory" name="test_history_office_filter" time="0.457" /><testcase classname="tests.backend_test.TestMoveAndHistory" name="test_history_date_filter" time="0.398" /><testcase classname="tests.test_rbac.TestStaffEnforcement" name="test_staff_allowed_endpoints" time="3.368" /><testcase classname="tests.test_rbac.TestUsersCrud" name="test_list_users_has_seeded" time="0.645" /><testcase classname="tests.test_rbac.TestUsersCrud" name="test_create_user_and_verify" time="3.908" /><testcase classname="tests.test_rbac.TestStaffEnforcement" name="test_staff_denied_endpoints" time="1.358" /><testcase classname="tests.test_rbac.TestStaffEnforcement" name="test_staff_403_message" time="0.056" /><testcase classname="tests.backend_test.TestAssetCrud" name="test_asset_create_dup_kode" time="0.056" /><testcase classname="tests.backend_test.TestAssetCrud" name="test_asset_create_update_delete" time="0.624" /><testcase classname="tests.backend_test.TestStats" name="test_stats" time="0.065" /><testcase classname="tests.backend_test.TestDeleteOfficePreservesHistory" name="test_delete_office_history_preserved" time="0.797" /><testcase classname="tests.test_rbac.TestUsersCrud" name="test_self_protection_rules" time="0.345" /><testcase classname="tests.backend_test.TestOfficesRoomsCrud" name="test_office_crud" time="0.386" /><testcase classname="tests.backend_test.TestOfficesRoomsCrud" name="test_room_crud_and_office_validation" time="0.695" /><testcase classname="tests.test_qr_labels.TestQrEncodesFrontendUrl" name="test_qr_content_contains_frontend_url" time="0.668"><skipped type="pytest.skip" message="pyzbar not installed for QR decoding">/app/backend/tests/test_qr_labels.py:183: pyzbar not installed for QR decoding</skipped></testcase><testcase classname="tests.test_rbac.TestPermissionsCatalog" name="test_permissions_returns_10" time="0.838" /><testcase classname="tests.test_rbac.TestLiveRoleRevocation" name="test_role_change_takes_effect_without_relogin" time="2.490" /></testsuite></testsuites>